<?xml version="1.0" encoding="UTF-8"?>
<testsuite xmlns:xsi="http://www.w3.org/2001/XMLSchema-instance" xsi:noNamespaceSchemaLocation="https://maven.apache.org/surefire/maven-surefire-plugin/xsd/surefire-test-report-3.0.xsd" version="3.0" name="org.example.runners.TestRunner" time="25.035" tests="1" errors="0" skipped="0" failures="0">
  <properties>
[...]
</properties>
  <testcase name="runScenario[&quot;User Go To FAQ Page&quot;, &quot;Login&quot;](1)" classname="org.example.runners.TestRunner" time="23.268">
    <system-out><![CDATA[
Scenario: User Go To FAQ Page            # src/test/resources/features/Login.feature:3
  Given User already login page          # org.example.stepdefinitions.LoginSteps.userAlreadyLoginPage()
  When User go to customer service page  # org.example.stepdefinitions.LoginSteps.userGoToCustomerServicePage()
  And User click on FAQ menu             # org.example.stepdefinitions.LoginSteps.userClickOnFAQMenu()
  Then User success redirect to FAQ menu # org.example.stepdefinitions.LoginSteps.userSuccessRedirectToFAQMenu()
]]></system-out>
    <system-err><![CDATA[SLF4J: No SLF4J providers were found.
SLF4J: Defaulting to no-operation (NOP) logger implementation
SLF4J: See https://www.slf4j.org/codes.html#noProviders for further details.
]]></system-err>
  </testcase>
</testsuite>